<?xml version="1.0" encoding="UTF-8" standalone="no"?>
<!DOCTYPE log SYSTEM "logger.dtd">
<head/><log>
<record>
  <date>2016-07-18T18:23:49.898-0300</date>
  <logger>LUCAS HENRIQUE DE LIMA E SILVA</logger>
  <level>FINE</level>
  <message>File 115110163-LUCAS HENRIQUE DE LIMA E SILVA.zip was received. It was sent by LUCAS HENRIQUE DE LIMA E SILVA from IP 192.168.1.131</message>
</record>
</log>
<?xml version="1.0" encoding="UTF-8" standalone="no"?>
<!DOCTYPE log SYSTEM "logger.dtd">
<log>
<record>
  <date>2016-07-18T18:24:48.118-0300</date>
  <logger>LUCAS HENRIQUE DE LIMA E SILVA</logger>
  <level>FINE</level>
  <message>File 115110163-LUCAS HENRIQUE DE LIMA E SILVA.zip was received. It was sent by LUCAS HENRIQUE DE LIMA E SILVA from IP 192.168.1.131</message>
</record>
</log>
<?xml version="1.0" encoding="UTF-8" standalone="no"?>
<!DOCTYPE log SYSTEM "logger.dtd">
<log>
<record>
  <date>2016-07-18T19:02:32.730-0300</date>
  <logger>LUCAS HENRIQUE DE LIMA E SILVA</logger>
  <level>FINE</level>
  <message>File 115110163-LUCAS HENRIQUE DE LIMA E SILVA.zip was received. It was sent by LUCAS HENRIQUE DE LIMA E SILVA from IP 192.168.1.131</message>
</record>
</log>
<?xml version="1.0" encoding="UTF-8" standalone="no"?>
<!DOCTYPE log SYSTEM "logger.dtd">
<log>
<record>
  <date>2016-07-18T20:31:22.602-0300</date>
  <logger>LUCAS HENRIQUE DE LIMA E SILVA</logger>
  <level>FINE</level>
  <message>File 115110163-LUCAS HENRIQUE DE LIMA E SILVA.zip was received. It was sent by LUCAS HENRIQUE DE LIMA E SILVA from IP 192.168.1.131</message>
</record>
