<?xml version="1.0" encoding="UTF-8" standalone="no"?>
<!DOCTYPE log SYSTEM "logger.dtd">
<head/><log>
<record>
  <date>2016-07-25T22:07:07.703-0300</date>
  <logger>LUCAS HENRIQUE DE LIMA E SILVA</logger>
  <level>FINE</level>
  <message>File 115110163-LUCAS HENRIQUE DE LIMA E SILVA.zip was received. It was sent by LUCAS HENRIQUE DE LIMA E SILVA from IP 192.168.1.131</message>
</record>
</log>
<?xml version="1.0" encoding="UTF-8" standalone="no"?>
<!DOCTYPE log SYSTEM "logger.dtd">
<log>
<record>
  <date>2016-07-25T22:08:01.771-0300</date>
  <logger>LUCAS HENRIQUE DE LIMA E SILVA</logger>
  <level>FINE</level>
  <message>File 115110163-LUCAS HENRIQUE DE LIMA E SILVA.zip was received. It was sent by LUCAS HENRIQUE DE LIMA E SILVA from IP 192.168.1.131</message>
</record>
</log>
<?xml version="1.0" encoding="UTF-8" standalone="no"?>
<!DOCTYPE log SYSTEM "logger.dtd">
<log>
<record>
  <date>2016-07-25T23:35:24.736-0300</date>
  <logger>LUCAS HENRIQUE DE LIMA E SILVA</logger>
  <level>FINE</level>
  <message>File 115110163-LUCAS HENRIQUE DE LIMA E SILVA.zip was received. It was sent by LUCAS HENRIQUE DE LIMA E SILVA from IP 192.168.1.131</message>
</record>
