<?xml version="1.0" encoding="UTF-8" standalone="no"?>
<!DOCTYPE log SYSTEM "logger.dtd">
<head/><log>
<record>
  <date>2016-09-21T16:46:56.528-0300</date>
  <logger>LUCAS HENRIQUE DE LIMA E SILVA</logger>
  <level>FINE</level>
  <message>File 115110163-LUCAS HENRIQUE DE LIMA E SILVA.zip was received. It was sent by LUCAS HENRIQUE DE LIMA E SILVA from IP 192.168.0.104</message>
</record>
</log>
<?xml version="1.0" encoding="UTF-8" standalone="no"?>
<!DOCTYPE log SYSTEM "logger.dtd">
<log>
<record>
  <date>2016-09-21T19:13:43.750-0300</date>
  <logger>LUCAS HENRIQUE DE LIMA E SILVA</logger>
  <level>FINE</level>
  <message>File 115110163-LUCAS HENRIQUE DE LIMA E SILVA.zip was received. It was sent by LUCAS HENRIQUE DE LIMA E SILVA from IP 192.168.0.104</message>
</record>
</log>
<?xml version="1.0" encoding="UTF-8" standalone="no"?>
<!DOCTYPE log SYSTEM "logger.dtd">
<log>
<record>
  <date>2016-09-21T19:15:16.766-0300</date>
  <logger>LUCAS HENRIQUE DE LIMA E SILVA</logger>
  <level>FINE</level>
  <message>File 115110163-LUCAS HENRIQUE DE LIMA E SILVA.zip was received. It was sent by LUCAS HENRIQUE DE LIMA E SILVA from IP 192.168.0.104</message>
</record>
</log>
<?xml version="1.0" encoding="UTF-8" standalone="no"?>
<!DOCTYPE log SYSTEM "logger.dtd">
<log>
<record>
  <date>2016-09-21T21:35:02.125-0300</date>
  <logger>LUCAS HENRIQUE DE LIMA E SILVA</logger>
  <level>FINE</level>
  <message>File 115110163-LUCAS HENRIQUE DE LIMA E SILVA.zip was received. It was sent by LUCAS HENRIQUE DE LIMA E SILVA from IP 192.168.0.104</message>
</record>
