<?xml version="1.0" encoding="UTF-8" standalone="no"?>
<!DOCTYPE log SYSTEM "logger.dtd">
<head/><log>
<record>
  <date>2016-08-15T14:11:57.616-0300</date>
  <logger>LUCAS HENRIQUE DE LIMA E SILVA</logger>
  <level>FINE</level>
  <message>File 115110163-LUCAS HENRIQUE DE LIMA E SILVA.zip was received. It was sent by LUCAS HENRIQUE DE LIMA E SILVA from IP 192.168.25.5</message>
</record>
</log>
<?xml version="1.0" encoding="UTF-8" standalone="no"?>
<!DOCTYPE log SYSTEM "logger.dtd">
<log>
<record>
  <date>2016-08-15T14:11:57.662-0300</date>
  <logger>LUCAS HENRIQUE DE LIMA E SILVA</logger>
  <level>FINE</level>
  <message>File 115110163-LUCAS HENRIQUE DE LIMA E SILVA.zip was received. It was sent by LUCAS HENRIQUE DE LIMA E SILVA from IP 192.168.25.5</message>
</record>
</log>
<?xml version="1.0" encoding="UTF-8" standalone="no"?>
<!DOCTYPE log SYSTEM "logger.dtd">
<log>
<record>
  <date>2016-08-15T15:33:33.727-0300</date>
  <logger>LUCAS HENRIQUE DE LIMA E SILVA</logger>
  <level>FINE</level>
  <message>File 115110163-LUCAS HENRIQUE DE LIMA E SILVA.zip was received. It was sent by LUCAS HENRIQUE DE LIMA E SILVA from IP 192.168.25.5</message>
</record>
</log>
<?xml version="1.0" encoding="UTF-8" standalone="no"?>
<!DOCTYPE log SYSTEM "logger.dtd">
<log>
<record>
  <date>2016-08-15T16:07:23.793-0300</date>
  <logger>LUCAS HENRIQUE DE LIMA E SILVA</logger>
  <level>FINE</level>
  <message>File 115110163-LUCAS HENRIQUE DE LIMA E SILVA.zip was received. It was sent by LUCAS HENRIQUE DE LIMA E SILVA from IP 192.168.25.5</message>
</record>
</log>
<?xml version="1.0" encoding="UTF-8" standalone="no"?>
<!DOCTYPE log SYSTEM "logger.dtd">
<log>
<record>
  <date>2016-08-15T19:34:44.558-0300</date>
  <logger>LUCAS HENRIQUE DE LIMA E SILVA</logger>
  <level>FINE</level>
  <message>File 115110163-LUCAS HENRIQUE DE LIMA E SILVA.zip was received. It was sent by LUCAS HENRIQUE DE LIMA E SILVA from IP 192.168.25.5</message>
</record>
</log>
<?xml version="1.0" encoding="UTF-8" standalone="no"?>
<!DOCTYPE log SYSTEM "logger.dtd">
<log>
<record>
  <date>2016-08-15T22:29:21.811-0300</date>
  <logger>LUCAS HENRIQUE DE LIMA E SILVA</logger>
  <level>FINE</level>
  <message>File 115110163-LUCAS HENRIQUE DE LIMA E SILVA.zip was received. It was sent by LUCAS HENRIQUE DE LIMA E SILVA from IP 192.168.25.5</message>
</record>
</log>
<?xml version="1.0" encoding="UTF-8" standalone="no"?>
<!DOCTYPE log SYSTEM "logger.dtd">
<log>
<record>
  <date>2016-08-15T22:44:22.309-0300</date>
  <logger>LUCAS HENRIQUE DE LIMA E SILVA</logger>
  <level>FINE</level>
  <message>File 115110163-LUCAS HENRIQUE DE LIMA E SILVA.zip was received. It was sent by LUCAS HENRIQUE DE LIMA E SILVA from IP 192.168.25.5</message>
</record>
</log>
<?xml version="1.0" encoding="UTF-8" standalone="no"?>
<!DOCTYPE log SYSTEM "logger.dtd">
<log>
<record>
  <date>2016-08-15T23:28:13.875-0300</date>
  <logger>LUCAS HENRIQUE DE LIMA E SILVA</logger>
  <level>FINE</level>
  <message>File 115110163-LUCAS HENRIQUE DE LIMA E SILVA.zip was received. It was sent by LUCAS HENRIQUE DE LIMA E SILVA from IP 192.168.25.5</message>
</record>
</log>
<?xml version="1.0" encoding="UTF-8" standalone="no"?>
<!DOCTYPE log SYSTEM "logger.dtd">
<log>
<record>
  <date>2016-08-16T00:07:24.180-0300</date>
  <logger>LUCAS HENRIQUE DE LIMA E SILVA</logger>
  <level>FINE</level>
  <message>File 115110163-LUCAS HENRIQUE DE LIMA E SILVA.zip was received. It was sent by LUCAS HENRIQUE DE LIMA E SILVA from IP 192.168.25.5</message>
</record>
