<?xml version="1.0" encoding="UTF-8" standalone="no"?>
<!DOCTYPE log SYSTEM "logger.dtd">
<head/><log>
<record>
  <date>2016-07-20T16:51:10.676-0300</date>
  <logger>LUCAS HENRIQUE DE LIMA E SILVA</logger>
  <level>FINE</level>
  <message>File 115110163-LUCAS HENRIQUE DE LIMA E SILVA.zip was received. It was sent by LUCAS HENRIQUE DE LIMA E SILVA from IP 192.168.43.126</message>
</record>
</log>
<?xml version="1.0" encoding="UTF-8" standalone="no"?>
<!DOCTYPE log SYSTEM "logger.dtd">
<log>
<record>
  <date>2016-07-20T17:00:40.057-0300</date>
  <logger>LUCAS HENRIQUE DE LIMA E SILVA</logger>
  <level>FINE</level>
  <message>File 115110163-LUCAS HENRIQUE DE LIMA E SILVA.zip was received. It was sent by LUCAS HENRIQUE DE LIMA E SILVA from IP 192.168.43.126</message>
</record>
</log>
<?xml version="1.0" encoding="UTF-8" standalone="no"?>
<!DOCTYPE log SYSTEM "logger.dtd">
<log>
<record>
  <date>2016-07-20T17:02:41.357-0300</date>
  <logger>LUCAS HENRIQUE DE LIMA E SILVA</logger>
  <level>FINE</level>
  <message>File 115110163-LUCAS HENRIQUE DE LIMA E SILVA.zip was received. It was sent by LUCAS HENRIQUE DE LIMA E SILVA from IP 192.168.43.126</message>
</record>
</log>
<?xml version="1.0" encoding="UTF-8" standalone="no"?>
<!DOCTYPE log SYSTEM "logger.dtd">
<log>
<record>
  <date>2016-07-20T17:04:56.983-0300</date>
  <logger>LUCAS HENRIQUE DE LIMA E SILVA</logger>
  <level>FINE</level>
  <message>File 115110163-LUCAS HENRIQUE DE LIMA E SILVA.zip was received. It was sent by LUCAS HENRIQUE DE LIMA E SILVA from IP 192.168.43.126</message>
</record>
</log>
<?xml version="1.0" encoding="UTF-8" standalone="no"?>
<!DOCTYPE log SYSTEM "logger.dtd">
<log>
<record>
  <date>2016-07-20T22:04:03.249-0300</date>
  <logger>LUCAS HENRIQUE DE LIMA E SILVA</logger>
  <level>FINE</level>
  <message>File 115110163-LUCAS HENRIQUE DE LIMA E SILVA.zip was received. It was sent by LUCAS HENRIQUE DE LIMA E SILVA from IP 192.168.1.131</message>
</record>
</log>
<?xml version="1.0" encoding="UTF-8" standalone="no"?>
<!DOCTYPE log SYSTEM "logger.dtd">
<log>
<record>
  <date>2016-07-20T23:05:09.061-0300</date>
  <logger>LUCAS HENRIQUE DE LIMA E SILVA</logger>
  <level>FINE</level>
  <message>File 115110163-LUCAS HENRIQUE DE LIMA E SILVA.zip was received. It was sent by LUCAS HENRIQUE DE LIMA E SILVA from IP 192.168.1.131</message>
</record>
